[0m2021.01.24 23:01:47 INFO  Started: Metals version 0.9.10 in workspace 'C:\Users\Syndrom\Documents\AminFP' for client vscode 1.52.1.[0m
[0m2021.01.24 23:01:48 INFO  time: initialize in 0.58s[0m
[0m2021.01.24 23:01:50 WARN  Build server is not auto-connectable.[0m
[0m2021.01.24 23:01:50 WARN  no build tool detected in workspace 'C:\Users\Syndrom\Documents\AminFP'. The most common cause for this problem is that the editor was opened in the wrong working directory, for example if you use sbt then the workspace directory should contain build.sbt. [0m
[0m2021.01.24 23:01:50 WARN  no build target for: C:\Users\Syndrom\Documents\AminFP\StreamHandler\build.sbt[0m
[0m2021.01.24 23:01:58 INFO  no build target: using presentation compiler with only scala-library[0m
[0m2021.01.24 23:02:01 WARN  no build target for: C:\Users\Syndrom\Documents\AminFP\StreamHandler\src\main\StreamHandler.scala[0m
Jan 24, 2021 11:02:01 PM org.eclipse.lsp4j.jsonrpc.RemoteEndpoint handleCancellation
WARNING: Unmatched cancel notification for request id 1
[0m2021.01.24 23:02:50 WARN  no build target for: C:\Users\Syndrom\Documents\AminFP\StreamHandler\build.sbt[0m
[0m2021.01.24 23:02:50 WARN  no build target for: C:\Users\Syndrom\Documents\AminFP\StreamHandler\src\main\StreamHandler.scala[0m
[0m2021.01.24 23:02:53 WARN  no build target for: C:\Users\Syndrom\Documents\AminFP\StreamHandler\build.sbt[0m
[0m2021.01.24 23:02:53 WARN  no build target for: C:\Users\Syndrom\Documents\AminFP\StreamHandler\src\main\StreamHandler.scala[0m
[0m2021.01.24 23:02:53 WARN  no build target for: C:\Users\Syndrom\Documents\AminFP\StreamHandler\build.sbt[0m
[0m2021.01.24 23:02:53 WARN  no build target for: C:\Users\Syndrom\Documents\AminFP\StreamHandler\src\main\StreamHandler.scala[0m
[0m2021.01.24 23:02:58 WARN  no build target for: C:\Users\Syndrom\Documents\AminFP\StreamHandler\build.sbt[0m
[0m2021.01.24 23:02:58 WARN  no build target for: C:\Users\Syndrom\Documents\AminFP\StreamHandler\src\main\StreamHandler.scala[0m
[0m2021.01.24 23:02:58 WARN  no build target for: C:\Users\Syndrom\Documents\AminFP\StreamHandler\build.sbt[0m
[0m2021.01.24 23:02:58 WARN  no build target for: C:\Users\Syndrom\Documents\AminFP\StreamHandler\src\main\StreamHandler.scala[0m
[0m2021.01.24 23:02:58 WARN  no build target for: C:\Users\Syndrom\Documents\AminFP\StreamHandler\build.sbt[0m
[0m2021.01.24 23:02:58 WARN  no build target for: C:\Users\Syndrom\Documents\AminFP\StreamHandler\src\main\StreamHandler.scala[0m
[0m2021.01.24 23:03:01 WARN  no build target for: C:\Users\Syndrom\Documents\AminFP\StreamHandler\build.sbt[0m
[0m2021.01.24 23:03:01 WARN  no build target for: C:\Users\Syndrom\Documents\AminFP\StreamHandler\src\main\StreamHandler.scala[0m
[0m2021.01.24 23:03:01 WARN  no build target for: C:\Users\Syndrom\Documents\AminFP\StreamHandler\build.sbt[0m
[0m2021.01.24 23:03:01 WARN  no build target for: C:\Users\Syndrom\Documents\AminFP\StreamHandler\src\main\StreamHandler.scala[0m
[0m2021.01.24 23:03:01 WARN  no build target for: C:\Users\Syndrom\Documents\AminFP\StreamHandler\build.sbt[0m
[0m2021.01.24 23:03:01 WARN  no build target for: C:\Users\Syndrom\Documents\AminFP\StreamHandler\src\main\StreamHandler.scala[0m
[0m2021.01.24 23:03:01 WARN  no build target for: C:\Users\Syndrom\Documents\AminFP\StreamHandler\build.sbt[0m
[0m2021.01.24 23:03:01 WARN  no build target for: C:\Users\Syndrom\Documents\AminFP\StreamHandler\src\main\StreamHandler.scala[0m
[0m2021.01.24 23:03:11 WARN  no build target for: C:\Users\Syndrom\Documents\AminFP\StreamHandler\build.sbt[0m
[0m2021.01.24 23:03:11 WARN  no build target for: C:\Users\Syndrom\Documents\AminFP\StreamHandler\src\main\StreamHandler.scala[0m
[0m2021.01.24 23:03:11 WARN  no build target for: C:\Users\Syndrom\Documents\AminFP\StreamHandler\build.sbt[0m
[0m2021.01.24 23:03:11 WARN  no build target for: C:\Users\Syndrom\Documents\AminFP\StreamHandler\src\main\StreamHandler.scala[0m
[0m2021.01.24 23:03:11 WARN  no build target for: C:\Users\Syndrom\Documents\AminFP\StreamHandler\build.sbt[0m
[0m2021.01.24 23:03:11 WARN  no build target for: C:\Users\Syndrom\Documents\AminFP\StreamHandler\src\main\StreamHandler.scala[0m
[0m2021.01.24 23:03:11 WARN  Build server is not auto-connectable.[0m
[0m2021.01.24 23:03:12 WARN  Build server is not auto-connectable.[0m
[0m2021.01.24 23:03:12 WARN  Build server is not auto-connectable.[0m
[0m2021.01.24 23:03:14 WARN  Build server is not auto-connectable.[0m
[0m2021.01.24 23:03:17 WARN  Build server is not auto-connectable.[0m
[0m2021.01.24 23:03:22 WARN  no build target for: C:\Users\Syndrom\Documents\AminFP\StreamHandler\build.sbt[0m
[0m2021.01.24 23:03:22 WARN  no build target for: C:\Users\Syndrom\Documents\AminFP\StreamHandler\src\main\StreamHandler.scala[0m
[0m2021.01.24 23:03:22 WARN  no build target for: C:\Users\Syndrom\Documents\AminFP\StreamHandler\build.sbt[0m
[0m2021.01.24 23:03:22 WARN  no build target for: C:\Users\Syndrom\Documents\AminFP\StreamHandler\src\main\StreamHandler.scala[0m
[0m2021.01.24 23:03:22 WARN  no build target for: C:\Users\Syndrom\Documents\AminFP\StreamHandler\build.sbt[0m
[0m2021.01.24 23:03:22 WARN  no build target for: C:\Users\Syndrom\Documents\AminFP\StreamHandler\src\main\StreamHandler.scala[0m
[0m2021.01.24 23:03:45 WARN  no build target for: C:\Users\Syndrom\Documents\AminFP\StreamHandler\build.sbt[0m
[0m2021.01.24 23:03:45 WARN  no build target for: C:\Users\Syndrom\Documents\AminFP\StreamHandler\src\main\StreamHandler.scala[0m
[0m2021.01.24 23:03:45 WARN  no build target for: C:\Users\Syndrom\Documents\AminFP\StreamHandler\build.sbt[0m
[0m2021.01.24 23:03:45 WARN  no build target for: C:\Users\Syndrom\Documents\AminFP\StreamHandler\src\main\StreamHandler.scala[0m
[0m2021.01.24 23:03:45 WARN  no build target for: C:\Users\Syndrom\Documents\AminFP\StreamHandler\build.sbt[0m
[0m2021.01.24 23:03:45 WARN  no build target for: C:\Users\Syndrom\Documents\AminFP\StreamHandler\src\main\StreamHandler.scala[0m
[0m2021.01.24 23:03:45 WARN  no build target for: C:\Users\Syndrom\Documents\AminFP\StreamHandler\build.sbt[0m
[0m2021.01.24 23:03:45 WARN  no build target for: C:\Users\Syndrom\Documents\AminFP\StreamHandler\src\main\StreamHandler.scala[0m
[0m2021.01.24 23:03:58 INFO  compilation cancelled[0m
[0m2021.01.24 23:03:58 INFO  compilation cancelled[0m
[0m2021.01.24 23:03:58 WARN  no build target for: C:\Users\Syndrom\Documents\AminFP\StreamHandler\build.sbt[0m
[0m2021.01.24 23:03:58 WARN  no build target for: C:\Users\Syndrom\Documents\AminFP\StreamHandler\src\main\StreamHandler.scala[0m
[0m2021.01.24 23:03:58 WARN  no build target for: C:\Users\Syndrom\Documents\AminFP\StreamHandler\build.sbt[0m
[0m2021.01.24 23:03:58 WARN  no build target for: C:\Users\Syndrom\Documents\AminFP\StreamHandler\src\main\StreamHandler.scala[0m
[0m2021.01.24 23:03:58 WARN  no build target for: C:\Users\Syndrom\Documents\AminFP\StreamHandler\build.sbt[0m
[0m2021.01.24 23:03:58 WARN  no build target for: C:\Users\Syndrom\Documents\AminFP\StreamHandler\src\main\StreamHandler.scala[0m
[0m2021.01.24 23:04:00 WARN  Build server is not auto-connectable.[0m
[0m2021.01.24 23:04:02 WARN  no build target for: C:\Users\Syndrom\Documents\AminFP\StreamHandler\build.sbt[0m
[0m2021.01.24 23:04:02 WARN  no build target for: C:\Users\Syndrom\Documents\AminFP\StreamHandler\src\main\StreamHandler.scala[0m
[0m2021.01.24 23:04:02 WARN  no build target for: C:\Users\Syndrom\Documents\AminFP\StreamHandler\build.sbt[0m
[0m2021.01.24 23:04:02 WARN  no build target for: C:\Users\Syndrom\Documents\AminFP\StreamHandler\src\main\StreamHandler.scala[0m
[0m2021.01.24 23:04:03 INFO  compilation cancelled[0m
[0m2021.01.24 23:04:02 WARN  no build target for: C:\Users\Syndrom\Documents\AminFP\StreamHandler\build.sbt[0m
[0m2021.01.24 23:04:02 WARN  no build target for: C:\Users\Syndrom\Documents\AminFP\StreamHandler\src\main\StreamHandler.scala[0m
[0m2021.01.24 23:04:04 WARN  no build target for: C:\Users\Syndrom\Documents\AminFP\StreamHandler\build.sbt[0m
[0m2021.01.24 23:04:04 WARN  no build target for: C:\Users\Syndrom\Documents\AminFP\StreamHandler\src\main\StreamHandler.scala[0m
[0m2021.01.24 23:04:08 WARN  no build tool detected in workspace 'C:\Users\Syndrom\Documents\AminFP'. The most common cause for this problem is that the editor was opened in the wrong working directory, for example if you use sbt then the workspace directory should contain build.sbt. [0m
[0m2021.01.24 23:04:08 WARN  no build tool detected in workspace 'C:\Users\Syndrom\Documents\AminFP'. The most common cause for this problem is that the editor was opened in the wrong working directory, for example if you use sbt then the workspace directory should contain build.sbt. [0m
[0m2021.01.24 23:04:54 INFO  [0m
[0m2021.01.24 23:04:54 INFO  Template applied in C:\Users\Syndrom\Documents\.\hello-world[0m
[0m2021.01.24 23:04:54 INFO  [0m
[0m2021.01.24 23:04:54 INFO  giter8.Giter8 exit: 0[0m
[0m2021.01.24 23:04:54 INFO  time: ran 'giter8.Giter8' in 13s[0m
[0m2021.01.24 23:10:05 INFO  shutting down Metals[0m
[0m2021.01.24 23:13:35 INFO  Started: Metals version 0.9.10 in workspace 'C:\Users\Syndrom\Documents\AminFP' for client vscode 1.52.1.[0m
[0m2021.01.24 23:13:35 INFO  time: initialize in 0.45s[0m
[0m2021.01.24 23:13:40 WARN  Build server is not auto-connectable.[0m
[0m2021.01.24 23:13:40 WARN  no build tool detected in workspace 'C:\Users\Syndrom\Documents\AminFP'. The most common cause for this problem is that the editor was opened in the wrong working directory, for example if you use sbt then the workspace directory should contain build.sbt. [0m
[0m2021.01.24 23:13:43 INFO  no build target: using presentation compiler with only scala-library[0m
[0m2021.01.24 23:13:45 WARN  no build target for: C:\Users\Syndrom\Documents\AminFP\StreamHandler\src\main\StreamHandler.scala[0m
[0m2021.01.24 23:21:59 WARN  no build target for: C:\Users\Syndrom\Documents\AminFP\StreamHandler\src\main\StreamHandler.scala[0m
Jan 24, 2021 11:22:01 PM org.eclipse.lsp4j.jsonrpc.RemoteEndpoint fallbackResponseError
SEVERE: Internal error: java.lang.reflect.InvocationTargetException
java.lang.RuntimeException: java.lang.reflect.InvocationTargetException
	at org.eclipse.lsp4j.jsonrpc.services.GenericEndpoint.lambda$null$0(GenericEndpoint.java:67)
	at org.eclipse.lsp4j.jsonrpc.services.GenericEndpoint.request(GenericEndpoint.java:120)
	at org.eclipse.lsp4j.jsonrpc.RemoteEndpoint.handleRequest(RemoteEndpoint.java:261)
	at org.eclipse.lsp4j.jsonrpc.RemoteEndpoint.consume(RemoteEndpoint.java:190)
	at org.eclipse.lsp4j.jsonrpc.json.StreamMessageProducer.handleMessage(StreamMessageProducer.java:194)
	at org.eclipse.lsp4j.jsonrpc.json.StreamMessageProducer.listen(StreamMessageProducer.java:94)
	at org.eclipse.lsp4j.jsonrpc.json.ConcurrentMessageProcessor.run(ConcurrentMessageProcessor.java:113)
	at java.util.concurrent.Executors$RunnableAdapter.call(Executors.java:511)
	at java.util.concurrent.FutureTask.run(FutureTask.java:266)
	at java.util.concurrent.ThreadPoolExecutor.runWorker(ThreadPoolExecutor.java:1149)
	at java.util.concurrent.ThreadPoolExecutor$Worker.run(ThreadPoolExecutor.java:624)
	at java.lang.Thread.run(Thread.java:748)
Caused by: java.lang.reflect.InvocationTargetException
	at sun.reflect.NativeMethodAccessorImpl.invoke0(Native Method)
	at sun.reflect.NativeMethodAccessorImpl.invoke(NativeMethodAccessorImpl.java:62)
	at sun.reflect.DelegatingMethodAccessorImpl.invoke(DelegatingMethodAccessorImpl.java:43)
	at java.lang.reflect.Method.invoke(Method.java:498)
	at org.eclipse.lsp4j.jsonrpc.services.GenericEndpoint.lambda$null$0(GenericEndpoint.java:65)
	... 11 more
Caused by: java.lang.IllegalArgumentException: requirement failed: C:\Users\Syndrom\Documents\AminFP\StreamHandler\src\main\StreamHandler.scala
	at scala.Predef$.require(Predef.scala:281)
	at scala.meta.internal.mtags.SemanticdbClasspath$.toScala(SemanticdbClasspath.scala:51)
	at scala.meta.internal.metals.ReferenceProvider.$anonfun$references$5(ReferenceProvider.scala:215)
	at scala.collection.Iterator$$anon$11.nextCur(Iterator.scala:486)
	at scala.collection.Iterator$$anon$11.hasNext(Iterator.scala:492)
	at scala.collection.Iterator.toStream(Iterator.scala:1417)
	at scala.collection.Iterator.toStream$(Iterator.scala:1416)
	at scala.collection.AbstractIterator.toStream(Iterator.scala:1431)
	at scala.collection.TraversableOnce.toSeq(TraversableOnce.scala:354)
	at scala.collection.TraversableOnce.toSeq$(TraversableOnce.scala:354)
	at scala.collection.AbstractIterator.toSeq(Iterator.scala:1431)
	at scala.meta.internal.metals.ReferenceProvider.references(ReferenceProvider.scala:248)
	at scala.meta.internal.metals.ReferenceProvider.references(ReferenceProvider.scala:96)
	at scala.meta.internal.metals.MetalsLanguageServer.referencesResult(MetalsLanguageServer.scala:1351)
	at scala.meta.internal.metals.MetalsLanguageServer.definitionOrReferences(MetalsLanguageServer.scala:2388)
	at scala.meta.internal.metals.MetalsLanguageServer.$anonfun$definition$1(MetalsLanguageServer.scala:1194)
	at scala.meta.internal.metals.CancelTokens$.future(CancelTokens.scala:38)
	at scala.meta.internal.metals.MetalsLanguageServer.definition(MetalsLanguageServer.scala:1193)
	... 16 more

[0m2021.01.24 23:22:02 WARN  no build target for: C:\Users\Syndrom\Documents\AminFP\StreamHandler\src\main\streamHandler.scala[0m
[0m2021.01.24 23:29:25 WARN  no build target for: C:\Users\Syndrom\Documents\AminFP\StreamHandler\build.sbt[0m
[0m2021.01.24 23:30:33 WARN  no build target for: C:\Users\Syndrom\Documents\AminFP\StreamHandler\src\main\scala\streamHandler.scala[0m
[0m2021.01.24 23:30:40 WARN  no build target for: C:\Users\Syndrom\Documents\AminFP\StreamHandler\build.sbt[0m
[0m2021.01.24 23:30:40 WARN  Unable to produce semanticdb for C:\Users\Syndrom\Documents\AminFP\StreamHandler\build.sbt[0m
[0m2021.01.24 23:37:57 WARN  no build target for: C:\Users\Syndrom\Documents\AminFP\StreamHandler\src\main\scala\streamHandler.scala[0m
[0m2021.01.24 23:38:15 WARN  no build target for: C:\Users\Syndrom\Documents\AminFP\StreamHandler\src\main\scala\streamHandler.scala[0m
[0m2021.01.24 23:38:32 WARN  no build target for: C:\Users\Syndrom\Documents\AminFP\StreamHandler\src\main\scala\streamHandler.scala[0m
[0m2021.01.24 23:38:33 WARN  no build target for: C:\Users\Syndrom\Documents\AminFP\StreamHandler\src\main\scala\streamHandler.scala[0m
[0m2021.01.24 23:39:58 WARN  no build target for: C:\Users\Syndrom\Documents\AminFP\StreamHandler\src\main\scala\streamHandler.scala[0m
[0m2021.01.24 23:40:36 WARN  no build target for: C:\Users\Syndrom\Documents\AminFP\StreamHandler\src\main\scala\streamHandler.scala[0m
[0m2021.01.24 23:45:52 WARN  no build tool detected in workspace 'C:\Users\Syndrom\Documents\AminFP'. The most common cause for this problem is that the editor was opened in the wrong working directory, for example if you use sbt then the workspace directory should contain build.sbt. [0m
[0m2021.01.24 23:45:52 WARN  no build tool detected in workspace 'C:\Users\Syndrom\Documents\AminFP'. The most common cause for this problem is that the editor was opened in the wrong working directory, for example if you use sbt then the workspace directory should contain build.sbt. [0m
[0m2021.01.24 23:46:46 WARN  no build tool detected in workspace 'C:\Users\Syndrom\Documents\AminFP'. The most common cause for this problem is that the editor was opened in the wrong working directory, for example if you use sbt then the workspace directory should contain build.sbt. [0m
[0m2021.01.24 23:46:46 WARN  no build tool detected in workspace 'C:\Users\Syndrom\Documents\AminFP'. The most common cause for this problem is that the editor was opened in the wrong working directory, for example if you use sbt then the workspace directory should contain build.sbt. [0m
[0m2021.01.24 23:46:46 WARN  no build tool detected in workspace 'C:\Users\Syndrom\Documents\AminFP'. The most common cause for this problem is that the editor was opened in the wrong working directory, for example if you use sbt then the workspace directory should contain build.sbt. [0m
[0m2021.01.24 23:46:54 WARN  no build tool detected in workspace 'C:\Users\Syndrom\Documents\AminFP'. The most common cause for this problem is that the editor was opened in the wrong working directory, for example if you use sbt then the workspace directory should contain build.sbt. [0m
[0m2021.01.24 23:46:54 WARN  no build tool detected in workspace 'C:\Users\Syndrom\Documents\AminFP'. The most common cause for this problem is that the editor was opened in the wrong working directory, for example if you use sbt then the workspace directory should contain build.sbt. [0m
[0m2021.01.24 23:47:01 WARN  no build target for: C:\Users\Syndrom\Documents\AminFP\StreamHandler\build.sbt[0m
[0m2021.01.24 23:47:01 WARN  Unable to produce semanticdb for C:\Users\Syndrom\Documents\AminFP\StreamHandler\build.sbt[0m
[0m2021.01.24 23:47:15 WARN  no build target for: C:\Users\Syndrom\Documents\AminFP\StreamHandler\build.sbt[0m
[0m2021.01.24 23:47:15 WARN  Unable to produce semanticdb for C:\Users\Syndrom\Documents\AminFP\StreamHandler\build.sbt[0m
[0m2021.01.24 23:48:18 WARN  no build target for: C:\Users\Syndrom\Documents\AminFP\StreamHandler\build.sbt[0m
[0m2021.01.24 23:48:18 WARN  Unable to produce semanticdb for C:\Users\Syndrom\Documents\AminFP\StreamHandler\build.sbt[0m
[0m2021.01.24 23:49:30 WARN  no build target for: C:\Users\Syndrom\Documents\AminFP\StreamHandler\build.sbt[0m
[0m2021.01.24 23:49:30 WARN  Unable to produce semanticdb for C:\Users\Syndrom\Documents\AminFP\StreamHandler\build.sbt[0m
[0m2021.01.25 00:03:09 WARN  no build target for: C:\Users\Syndrom\Documents\AminFP\StreamHandler\build.sbt[0m
[0m2021.01.25 00:03:09 WARN  Unable to produce semanticdb for C:\Users\Syndrom\Documents\AminFP\StreamHandler\build.sbt[0m
[0m2021.01.25 00:22:18 INFO  shutting down Metals[0m
[0m2021.01.25 01:04:24 INFO  Started: Metals version 0.9.10 in workspace 'C:\Users\Syndrom\Documents\AminFP' for client vscode 1.52.1.[0m
[0m2021.01.25 01:04:25 INFO  time: initialize in 0.46s[0m
[0m2021.01.25 01:04:26 WARN  Build server is not auto-connectable.[0m
[0m2021.01.25 01:04:26 WARN  no build tool detected in workspace 'C:\Users\Syndrom\Documents\AminFP'. The most common cause for this problem is that the editor was opened in the wrong working directory, for example if you use sbt then the workspace directory should contain build.sbt. [0m
[0m2021.01.25 01:04:26 WARN  no build target for: C:\Users\Syndrom\Documents\AminFP\StreamHandler\build.sbt[0m
[0m2021.01.25 01:04:32 INFO  no build target: using presentation compiler with only scala-library[0m
[0m2021.01.25 01:40:22 WARN  no build target for: C:\Users\Syndrom\Documents\AminFP\StreamHandler\src\main\scala\streamHandler.scala[0m
Jan 25, 2021 1:40:22 AM org.eclipse.lsp4j.jsonrpc.RemoteEndpoint handleCancellation
WARNING: Unmatched cancel notification for request id 4
Jan 25, 2021 1:40:22 AM org.eclipse.lsp4j.jsonrpc.RemoteEndpoint handleCancellation
WARNING: Unmatched cancel notification for request id 7
Jan 25, 2021 1:40:22 AM org.eclipse.lsp4j.jsonrpc.RemoteEndpoint handleCancellation
WARNING: Unmatched cancel notification for request id 8
Jan 25, 2021 1:40:22 AM org.eclipse.lsp4j.jsonrpc.RemoteEndpoint handleCancellation
WARNING: Unmatched cancel notification for request id 6
Jan 25, 2021 1:40:22 AM org.eclipse.lsp4j.jsonrpc.RemoteEndpoint handleCancellation
WARNING: Unmatched cancel notification for request id 9
Jan 25, 2021 1:40:22 AM org.eclipse.lsp4j.jsonrpc.RemoteEndpoint handleCancellation
WARNING: Unmatched cancel notification for request id 5
Jan 25, 2021 1:40:22 AM org.eclipse.lsp4j.jsonrpc.RemoteEndpoint handleCancellation
WARNING: Unmatched cancel notification for request id 15
Jan 25, 2021 1:40:22 AM org.eclipse.lsp4j.jsonrpc.RemoteEndpoint handleCancellation
WARNING: Unmatched cancel notification for request id 18
Jan 25, 2021 1:40:22 AM org.eclipse.lsp4j.jsonrpc.RemoteEndpoint handleCancellation
WARNING: Unmatched cancel notification for request id 22
Jan 25, 2021 1:40:22 AM org.eclipse.lsp4j.jsonrpc.RemoteEndpoint handleCancellation
WARNING: Unmatched cancel notification for request id 24
Jan 25, 2021 1:40:22 AM org.eclipse.lsp4j.jsonrpc.RemoteEndpoint handleCancellation
WARNING: Unmatched cancel notification for request id 23
Jan 25, 2021 1:40:22 AM org.eclipse.lsp4j.jsonrpc.RemoteEndpoint handleCancellation
WARNING: Unmatched cancel notification for request id 25
Jan 25, 2021 1:40:22 AM org.eclipse.lsp4j.jsonrpc.RemoteEndpoint handleCancellation
WARNING: Unmatched cancel notification for request id 27
[0m2021.01.25 01:43:02 WARN  no build target for: C:\Users\Syndrom\Documents\AminFP\StreamHandler\src\main\scala\streamHandler.scala[0m
[0m2021.01.25 01:43:28 WARN  no build target for: C:\Users\Syndrom\Documents\AminFP\StreamHandler\src\main\scala\streamHandler.scala[0m
Jan 25, 2021 1:47:21 AM org.eclipse.lsp4j.jsonrpc.RemoteEndpoint handleCancellation
WARNING: Unmatched cancel notification for request id 967
Jan 25, 2021 1:47:55 AM org.eclipse.lsp4j.jsonrpc.RemoteEndpoint fallbackResponseError
SEVERE: Internal error: java.lang.reflect.InvocationTargetException
java.lang.RuntimeException: java.lang.reflect.InvocationTargetException
	at org.eclipse.lsp4j.jsonrpc.services.GenericEndpoint.lambda$null$0(GenericEndpoint.java:67)
	at org.eclipse.lsp4j.jsonrpc.services.GenericEndpoint.request(GenericEndpoint.java:120)
	at org.eclipse.lsp4j.jsonrpc.RemoteEndpoint.handleRequest(RemoteEndpoint.java:261)
	at org.eclipse.lsp4j.jsonrpc.RemoteEndpoint.consume(RemoteEndpoint.java:190)
	at org.eclipse.lsp4j.jsonrpc.json.StreamMessageProducer.handleMessage(StreamMessageProducer.java:194)
	at org.eclipse.lsp4j.jsonrpc.json.StreamMessageProducer.listen(StreamMessageProducer.java:94)
	at org.eclipse.lsp4j.jsonrpc.json.ConcurrentMessageProcessor.run(ConcurrentMessageProcessor.java:113)
	at java.util.concurrent.Executors$RunnableAdapter.call(Executors.java:511)
	at java.util.concurrent.FutureTask.run(FutureTask.java:266)
	at java.util.concurrent.ThreadPoolExecutor.runWorker(ThreadPoolExecutor.java:1149)
	at java.util.concurrent.ThreadPoolExecutor$Worker.run(ThreadPoolExecutor.java:624)
	at java.lang.Thread.run(Thread.java:748)
Caused by: java.lang.reflect.InvocationTargetException
	at sun.reflect.NativeMethodAccessorImpl.invoke0(Native Method)
	at sun.reflect.NativeMethodAccessorImpl.invoke(NativeMethodAccessorImpl.java:62)
	at sun.reflect.DelegatingMethodAccessorImpl.invoke(DelegatingMethodAccessorImpl.java:43)
	at java.lang.reflect.Method.invoke(Method.java:498)
	at org.eclipse.lsp4j.jsonrpc.services.GenericEndpoint.lambda$null$0(GenericEndpoint.java:65)
	... 11 more
Caused by: java.lang.IllegalArgumentException: requirement failed: C:\Users\Syndrom\Documents\AminFP\StreamHandler\src\main\scala\streamHandler.scala
	at scala.Predef$.require(Predef.scala:281)
	at scala.meta.internal.mtags.SemanticdbClasspath$.toScala(SemanticdbClasspath.scala:51)
	at scala.meta.internal.metals.ReferenceProvider.$anonfun$references$5(ReferenceProvider.scala:215)
	at scala.collection.Iterator$$anon$11.nextCur(Iterator.scala:486)
	at scala.collection.Iterator$$anon$11.hasNext(Iterator.scala:492)
	at scala.collection.Iterator.toStream(Iterator.scala:1417)
	at scala.collection.Iterator.toStream$(Iterator.scala:1416)
	at scala.collection.AbstractIterator.toStream(Iterator.scala:1431)
	at scala.collection.TraversableOnce.toSeq(TraversableOnce.scala:354)
	at scala.collection.TraversableOnce.toSeq$(TraversableOnce.scala:354)
	at scala.collection.AbstractIterator.toSeq(Iterator.scala:1431)
	at scala.meta.internal.metals.ReferenceProvider.references(ReferenceProvider.scala:248)
	at scala.meta.internal.metals.ReferenceProvider.references(ReferenceProvider.scala:96)
	at scala.meta.internal.metals.MetalsLanguageServer.referencesResult(MetalsLanguageServer.scala:1351)
	at scala.meta.internal.metals.MetalsLanguageServer.definitionOrReferences(MetalsLanguageServer.scala:2388)
	at scala.meta.internal.metals.MetalsLanguageServer.$anonfun$definition$1(MetalsLanguageServer.scala:1194)
	at scala.meta.internal.metals.CancelTokens$.future(CancelTokens.scala:38)
	at scala.meta.internal.metals.MetalsLanguageServer.definition(MetalsLanguageServer.scala:1193)
	... 16 more

[0m2021.01.25 01:49:06 WARN  no build target for: C:\Users\Syndrom\Documents\AminFP\StreamHandler\src\main\scala\streamHandler.scala[0m
[0m2021.01.25 01:49:23 WARN  no build target for: C:\Users\Syndrom\Documents\AminFP\StreamHandler\src\main\scala\streamHandler.scala[0m
[0m2021.01.25 01:49:38 WARN  no build target for: C:\Users\Syndrom\Documents\AminFP\StreamHandler\src\main\scala\streamHandler.scala[0m
[0m2021.01.25 01:51:49 WARN  no build target for: C:\Users\Syndrom\Documents\AminFP\StreamHandler\src\main\scala\streamHandler.scala[0m
[0m2021.01.25 01:51:51 WARN  no build target for: C:\Users\Syndrom\Documents\AminFP\StreamHandler\src\main\scala\streamHandler.scala[0m
[0m2021.01.25 01:51:58 WARN  no build target for: C:\Users\Syndrom\Documents\AminFP\StreamHandler\src\main\scala\streamHandler.scala[0m
[0m2021.01.25 02:11:06 WARN  no build target for: C:\Users\Syndrom\Documents\AminFP\StreamHandler\src\main\scala\streamHandler.scala[0m
[0m2021.01.25 02:12:10 WARN  no build target for: C:\Users\Syndrom\Documents\AminFP\StreamHandler\src\main\scala\streamHandler.scala[0m
[0m2021.01.25 02:16:29 WARN  no build target for: C:\Users\Syndrom\Documents\AminFP\StreamHandler\src\main\scala\streamHandler.scala[0m
[0m2021.01.25 02:18:06 WARN  no build target for: C:\Users\Syndrom\Documents\AminFP\StreamHandler\src\main\scala\streamHandler.scala[0m
[0m2021.01.25 02:18:06 WARN  no build target for: C:\Users\Syndrom\Documents\AminFP\StreamHandler\src\main\scala\streamHandler.scala[0m
[0m2021.01.25 02:20:38 WARN  no build target for: C:\Users\Syndrom\Documents\AminFP\StreamHandler\src\main\scala\streamHandler.scala[0m
[0m2021.01.25 02:21:16 WARN  no build target for: C:\Users\Syndrom\Documents\AminFP\StreamHandler\src\main\scala\streamHandler.scala[0m
[0m2021.01.25 02:21:16 WARN  no build target for: C:\Users\Syndrom\Documents\AminFP\StreamHandler\src\main\scala\streamHandler.scala[0m
[0m2021.01.25 02:21:19 WARN  no build target for: C:\Users\Syndrom\Documents\AminFP\StreamHandler\src\main\scala\streamHandler.scala[0m
[0m2021.01.25 02:29:52 WARN  no build target for: C:\Users\Syndrom\Documents\AminFP\StreamHandler\src\main\scala\streamHandler.scala[0m
Jan 25, 2021 2:52:19 AM org.eclipse.lsp4j.jsonrpc.RemoteEndpoint handleCancellation
WARNING: Unmatched cancel notification for request id 1924
[0m2021.01.25 02:52:31 WARN  no build target for: C:\Users\Syndrom\Documents\AminFP\StreamHandler\src\main\scala\streamHandler.scala[0m
[0m2021.01.25 02:52:50 WARN  no build target for: C:\Users\Syndrom\Documents\AminFP\StreamHandler\src\main\scala\streamHandler.scala[0m
[0m2021.01.25 02:56:16 WARN  no build target for: C:\Users\Syndrom\Documents\AminFP\StreamHandler\src\main\scala\streamHandler.scala[0m
[0m2021.01.25 02:56:58 WARN  no build target for: C:\Users\Syndrom\Documents\AminFP\StreamHandler\src\main\scala\streamHandler.scala[0m
[0m2021.01.25 02:57:10 WARN  no build target for: C:\Users\Syndrom\Documents\AminFP\StreamHandler\src\main\scala\streamHandler.scala[0m
[0m2021.01.25 02:57:26 WARN  no build target for: C:\Users\Syndrom\Documents\AminFP\StreamHandler\src\main\scala\streamHandler.scala[0m
[0m2021.01.25 03:02:55 WARN  no build target for: C:\Users\Syndrom\Documents\AminFP\StreamHandler\src\main\scala\streamHandler.scala[0m
[0m2021.01.25 03:02:59 WARN  no build target for: C:\Users\Syndrom\Documents\AminFP\StreamHandler\src\main\scala\streamHandler.scala[0m
[0m2021.01.25 03:04:21 WARN  no build target for: C:\Users\Syndrom\Documents\AminFP\StreamHandler\src\main\scala\streamHandler.scala[0m
[0m2021.01.25 03:12:27 WARN  no build target for: C:\Users\Syndrom\Documents\AminFP\StreamHandler\src\main\scala\streamHandler.scala[0m
[0m2021.01.25 03:14:00 WARN  no build target for: C:\Users\Syndrom\Documents\AminFP\StreamHandler\src\main\scala\streamHandler.scala[0m
[0m2021.01.25 03:15:37 WARN  no build target for: C:\Users\Syndrom\Documents\AminFP\StreamHandler\src\main\scala\streamHandler.scala[0m
[0m2021.01.25 03:22:41 WARN  no build target for: C:\Users\Syndrom\Documents\AminFP\StreamHandler\src\main\scala\streamHandler.scala[0m
[0m2021.01.25 03:26:55 WARN  no build target for: C:\Users\Syndrom\Documents\AminFP\StreamHandler\src\main\scala\streamHandler.scala[0m
[0m2021.01.25 03:28:04 WARN  no build target for: C:\Users\Syndrom\Documents\AminFP\StreamHandler\src\main\scala\streamHandler.scala[0m
[0m2021.01.25 03:28:25 WARN  no build target for: C:\Users\Syndrom\Documents\AminFP\StreamHandler\src\main\scala\streamHandler.scala[0m
[0m2021.01.25 03:30:01 WARN  no build target for: C:\Users\Syndrom\Documents\AminFP\StreamHandler\src\main\scala\streamHandler.scala[0m
[0m2021.01.25 03:30:12 WARN  no build target for: C:\Users\Syndrom\Documents\AminFP\StreamHandler\src\main\scala\streamHandler.scala[0m
[0m2021.01.25 03:30:16 WARN  no build target for: C:\Users\Syndrom\Documents\AminFP\StreamHandler\src\main\scala\streamHandler.scala[0m
[0m2021.01.25 03:31:23 WARN  no build target for: C:\Users\Syndrom\Documents\AminFP\StreamHandler\src\main\scala\streamHandler.scala[0m
[0m2021.01.25 03:31:58 WARN  no build target for: C:\Users\Syndrom\Documents\AminFP\StreamHandler\src\main\scala\streamHandler.scala[0m
[0m2021.01.25 03:38:51 WARN  no build target for: C:\Users\Syndrom\Documents\AminFP\StreamHandler\src\main\scala\streamHandler.scala[0m
[0m2021.01.25 03:38:56 WARN  no build target for: C:\Users\Syndrom\Documents\AminFP\StreamHandler\src\main\scala\streamHandler.scala[0m
[0m2021.01.25 03:38:58 WARN  no build target for: C:\Users\Syndrom\Documents\AminFP\StreamHandler\src\main\scala\streamHandler.scala[0m
[0m2021.01.25 03:40:09 WARN  no build target for: C:\Users\Syndrom\Documents\AminFP\StreamHandler\src\main\scala\streamHandler.scala[0m
[0m2021.01.25 03:40:22 WARN  no build target for: C:\Users\Syndrom\Documents\AminFP\StreamHandler\src\main\scala\streamHandler.scala[0m
[0m2021.01.25 03:40:22 WARN  no build target for: C:\Users\Syndrom\Documents\AminFP\StreamHandler\src\main\scala\streamHandler.scala[0m
[0m2021.01.25 03:42:37 WARN  no build target for: C:\Users\Syndrom\Documents\AminFP\StreamHandler\src\main\scala\streamHandler.scala[0m
[0m2021.01.25 03:42:41 WARN  no build target for: C:\Users\Syndrom\Documents\AminFP\StreamHandler\src\main\scala\streamHandler.scala[0m
[0m2021.01.25 03:43:03 WARN  no build target for: C:\Users\Syndrom\Documents\AminFP\StreamHandler\src\main\scala\streamHandler.scala[0m
[0m2021.01.25 03:44:46 WARN  no build target for: C:\Users\Syndrom\Documents\AminFP\StreamHandler\src\main\scala\streamHandler.scala[0m
[0m2021.01.25 03:44:46 WARN  no build target for: C:\Users\Syndrom\Documents\AminFP\StreamHandler\src\main\scala\streamHandler.scala[0m
[0m2021.01.25 03:48:40 WARN  no build target for: C:\Users\Syndrom\Documents\AminFP\StreamHandler\src\main\scala\streamHandler.scala[0m
[0m2021.01.25 03:55:00 WARN  no build target for: C:\Users\Syndrom\Documents\AminFP\StreamHandler\src\main\scala\streamHandler.scala[0m
[0m2021.01.25 03:55:00 WARN  no build target for: C:\Users\Syndrom\Documents\AminFP\StreamHandler\src\main\scala\streamHandler.scala[0m
[0m2021.01.25 03:55:00 WARN  no build target for: C:\Users\Syndrom\Documents\AminFP\StreamHandler\src\main\scala\streamHandler.scala[0m
[0m2021.01.25 03:55:00 WARN  no build target for: C:\Users\Syndrom\Documents\AminFP\StreamHandler\src\main\scala\streamHandler.scala[0m
[0m2021.01.25 03:58:49 WARN  no build target for: C:\Users\Syndrom\Documents\AminFP\StreamHandler\src\main\scala\streamHandler.scala[0m
[0m2021.01.25 04:01:39 WARN  no build target for: C:\Users\Syndrom\Documents\AminFP\StreamHandler\src\main\scala\streamHandler.scala[0m
[0m2021.01.25 04:06:23 WARN  no build target for: C:\Users\Syndrom\Documents\AminFP\StreamHandler\src\main\scala\streamHandler.scala[0m
[0m2021.01.25 04:07:55 WARN  no build target for: C:\Users\Syndrom\Documents\AminFP\StreamHandler\src\main\scala\streamHandler.scala[0m
[0m2021.01.25 04:09:46 INFO  time: code lens generation in 1.89s[0m
[0m2021.01.25 04:10:57 WARN  no build target for: C:\Users\Syndrom\Documents\AminFP\StreamHandler\src\main\scala\streamHandler.scala[0m
[0m2021.01.25 04:11:09 WARN  no build target for: C:\Users\Syndrom\Documents\AminFP\StreamHandler\src\main\scala\streamHandler.scala[0m
[0m2021.01.25 04:11:13 WARN  no build target for: C:\Users\Syndrom\Documents\AminFP\StreamHandler\src\main\scala\streamHandler.scala[0m
[0m2021.01.25 04:13:07 WARN  no build target for: C:\Users\Syndrom\Documents\AminFP\StreamHandler\src\main\scala\streamHandler.scala[0m
[0m2021.01.25 04:27:01 WARN  no build target for: C:\Users\Syndrom\Documents\AminFP\StreamHandler\src\main\scala\streamHandler.scala[0m
[0m2021.01.25 04:33:26 WARN  no build target for: C:\Users\Syndrom\Documents\AminFP\StreamHandler\src\main\scala\streamHandler.scala[0m
[0m2021.01.25 04:39:34 WARN  no build target for: C:\Users\Syndrom\Documents\AminFP\StreamHandler\src\main\scala\streamHandler.scala[0m
[0m2021.01.25 04:41:19 WARN  no build target for: C:\Users\Syndrom\Documents\AminFP\StreamHandler\src\main\scala\streamHandler.scala[0m
[0m2021.01.25 04:43:58 WARN  no build target for: C:\Users\Syndrom\Documents\AminFP\StreamHandler\src\main\scala\streamHandler.scala[0m
[0m2021.01.25 04:45:28 WARN  no build target for: C:\Users\Syndrom\Documents\AminFP\StreamHandler\src\main\scala\streamHandler.scala[0m
[0m2021.01.25 04:45:50 WARN  no build target for: C:\Users\Syndrom\Documents\AminFP\StreamHandler\src\main\scala\streamHandler.scala[0m
[0m2021.01.25 04:45:58 WARN  no build target for: C:\Users\Syndrom\Documents\AminFP\StreamHandler\src\main\scala\streamHandler.scala[0m
[0m2021.01.25 04:48:23 WARN  no build target for: C:\Users\Syndrom\Documents\AminFP\StreamHandler\src\main\scala\streamHandler.scala[0m
[0m2021.01.25 04:48:25 WARN  no build target for: C:\Users\Syndrom\Documents\AminFP\StreamHandler\src\main\scala\streamHandler.scala[0m
[0m2021.01.25 04:49:51 WARN  no build target for: C:\Users\Syndrom\Documents\AminFP\StreamHandler\src\main\scala\streamHandler.scala[0m
[0m2021.01.25 04:49:59 WARN  no build target for: C:\Users\Syndrom\Documents\AminFP\StreamHandler\src\main\scala\streamHandler.scala[0m
[0m2021.01.25 04:51:25 WARN  no build target for: C:\Users\Syndrom\Documents\AminFP\StreamHandler\src\main\scala\streamHandler.scala[0m
[0m2021.01.25 04:52:55 WARN  no build target for: C:\Users\Syndrom\Documents\AminFP\StreamHandler\src\main\scala\streamHandler.scala[0m
[0m2021.01.25 04:52:56 WARN  no build target for: C:\Users\Syndrom\Documents\AminFP\StreamHandler\src\main\scala\streamHandler.scala[0m
[0m2021.01.25 04:52:56 WARN  no build target for: C:\Users\Syndrom\Documents\AminFP\StreamHandler\src\main\scala\streamHandler.scala[0m
[0m2021.01.25 04:53:25 WARN  no build target for: C:\Users\Syndrom\Documents\AminFP\StreamHandler\src\main\scala\streamHandler.scala[0m
[0m2021.01.25 04:53:36 INFO  time: code lens generation in 7.14s[0m
[0m2021.01.25 04:53:36 INFO  time: code lens generation in 4.46s[0m
[0m2021.01.25 04:55:19 WARN  no build target for: C:\Users\Syndrom\Documents\AminFP\StreamHandler\src\main\scala\streamHandler.scala[0m
[0m2021.01.25 04:56:21 WARN  no build target for: C:\Users\Syndrom\Documents\AminFP\StreamHandler\src\main\scala\streamHandler.scala[0m
[0m2021.01.25 04:59:31 WARN  no build target for: C:\Users\Syndrom\Documents\AminFP\StreamHandler\src\main\scala\streamHandler.scala[0m
[0m2021.01.25 05:03:32 WARN  no build target for: C:\Users\Syndrom\Documents\AminFP\StreamHandler\src\main\scala\streamHandler.scala[0m
[0m2021.01.25 05:04:41 WARN  no build target for: C:\Users\Syndrom\Documents\AminFP\StreamHandler\src\main\scala\streamHandler.scala[0m
[0m2021.01.25 05:09:21 WARN  no build target for: C:\Users\Syndrom\Documents\AminFP\StreamHandler\src\main\scala\streamHandler.scala[0m
[0m2021.01.25 05:12:09 WARN  no build target for: C:\Users\Syndrom\Documents\AminFP\StreamHandler\src\main\scala\streamHandler.scala[0m
[0m2021.01.25 05:14:48 WARN  no build target for: C:\Users\Syndrom\Documents\AminFP\StreamHandler\src\main\scala\streamHandler.scala[0m
[0m2021.01.25 05:18:08 WARN  no build target for: C:\Users\Syndrom\Documents\AminFP\StreamHandler\src\main\scala\streamHandler.scala[0m
[0m2021.01.25 05:19:38 WARN  no build target for: C:\Users\Syndrom\Documents\AminFP\StreamHandler\src\main\scala\streamHandler.scala[0m
[0m2021.01.25 05:20:01 WARN  no build target for: C:\Users\Syndrom\Documents\AminFP\StreamHandler\src\main\scala\streamHandler.scala[0m
[0m2021.01.25 05:22:55 WARN  no build target for: C:\Users\Syndrom\Documents\AminFP\StreamHandler\src\main\scala\streamHandler.scala[0m
[0m2021.01.25 05:23:08 WARN  no build target for: C:\Users\Syndrom\Documents\AminFP\StreamHandler\src\main\scala\streamHandler.scala[0m
[0m2021.01.25 05:34:30 WARN  no build target for: C:\Users\Syndrom\Documents\AminFP\StreamHandler\src\main\scala\streamHandler.scala[0m
[0m2021.01.25 05:35:56 WARN  no build target for: C:\Users\Syndrom\Documents\AminFP\StreamHandler\src\main\scala\streamHandler.scala[0m
[0m2021.01.25 05:36:15 WARN  no build target for: C:\Users\Syndrom\Documents\AminFP\StreamHandler\src\main\scala\streamHandler.scala[0m
[0m2021.01.25 05:40:52 WARN  no build target for: C:\Users\Syndrom\Documents\AminFP\StreamHandler\src\main\scala\streamHandler.scala[0m
[0m2021.01.25 05:42:32 WARN  no build target for: C:\Users\Syndrom\Documents\AminFP\StreamHandler\src\main\scala\streamHandler.scala[0m
[0m2021.01.25 05:47:00 WARN  no build target for: C:\Users\Syndrom\Documents\AminFP\StreamHandler\src\main\scala\streamHandler.scala[0m
[0m2021.01.25 05:53:46 WARN  no build target for: C:\Users\Syndrom\Documents\AminFP\StreamHandler\src\main\scala\streamHandler.scala[0m
[0m2021.01.25 05:55:10 WARN  no build target for: C:\Users\Syndrom\Documents\AminFP\StreamHandler\src\main\scala\streamHandler.scala[0m
[0m2021.01.25 05:59:48 WARN  no build target for: C:\Users\Syndrom\Documents\AminFP\StreamHandler\src\main\scala\streamHandler.scala[0m
[0m2021.01.25 06:00:16 WARN  no build target for: C:\Users\Syndrom\Documents\AminFP\StreamHandler\src\main\scala\streamHandler.scala[0m
[0m2021.01.25 06:03:38 WARN  no build target for: C:\Users\Syndrom\Documents\AminFP\StreamHandler\src\main\scala\streamHandler.scala[0m
[0m2021.01.25 06:05:10 WARN  no build target for: C:\Users\Syndrom\Documents\AminFP\StreamHandler\src\main\scala\streamHandler.scala[0m
[0m2021.01.25 06:12:23 WARN  no build target for: C:\Users\Syndrom\Documents\AminFP\StreamHandler\src\main\scala\streamHandler.scala[0m
[0m2021.01.25 06:24:44 WARN  no build target for: C:\Users\Syndrom\Documents\AminFP\StreamHandler\src\main\scala\streamHandler.scala[0m
[0m2021.01.25 06:29:18 WARN  no build target for: C:\Users\Syndrom\Documents\AminFP\StreamHandler\src\main\scala\streamHandler.scala[0m
[0m2021.01.25 06:32:30 WARN  no build target for: C:\Users\Syndrom\Documents\AminFP\StreamHandler\src\main\scala\streamHandler.scala[0m
[0m2021.01.25 06:32:46 WARN  no build target for: C:\Users\Syndrom\Documents\AminFP\StreamHandler\src\main\scala\streamHandler.scala[0m
[0m2021.01.25 06:33:51 WARN  no build target for: C:\Users\Syndrom\Documents\AminFP\StreamHandler\src\main\scala\streamHandler.scala[0m
[0m2021.01.25 06:33:58 WARN  no build target for: C:\Users\Syndrom\Documents\AminFP\StreamHandler\src\main\scala\streamHandler.scala[0m
[0m2021.01.25 06:39:46 INFO  shutting down Metals[0m
[0m2021.01.25 06:50:56 INFO  Started: Metals version 0.9.10 in workspace 'C:\Users\Syndrom\Documents\Dataframes Project' for client vscode 1.52.1.[0m
[0m2021.01.25 06:50:57 INFO  time: initialize in 0.4s[0m
[0m2021.01.25 06:50:58 WARN  Build server is not auto-connectable.[0m
[0m2021.01.25 06:50:58 WARN  no build tool detected in workspace 'C:\Users\Syndrom\Documents\Dataframes Project'. The most common cause for this problem is that the editor was opened in the wrong working directory, for example if you use sbt then the workspace directory should contain build.sbt. [0m
Jan 25, 2021 7:10:56 AM org.eclipse.lsp4j.jsonrpc.services.GenericEndpoint notify
INFO: Unsupported notification method: $/setTraceNotification
[0m2021.01.25 07:37:14 INFO  shutting down Metals[0m
[0m2021.01.26 07:52:15 INFO  Started: Metals version 0.9.10 in workspace 'C:\Users\Syndrom\Documents\Dataframes Project' for client vscode 1.52.1.[0m
[0m2021.01.26 07:52:16 INFO  time: initialize in 0.65s[0m
[0m2021.01.26 07:52:18 WARN  Build server is not auto-connectable.[0m
[0m2021.01.26 07:52:18 WARN  no build tool detected in workspace 'C:\Users\Syndrom\Documents\Dataframes Project'. The most common cause for this problem is that the editor was opened in the wrong working directory, for example if you use sbt then the workspace directory should contain build.sbt. [0m
[0m2021.01.26 08:21:20 INFO  shutting down Metals[0m
[0m2021.01.26 08:21:50 INFO  Started: Metals version 0.9.10 in workspace 'C:\Users\Syndrom\Documents\Dataframes Project' for client vscode 1.52.1.[0m
[0m2021.01.26 08:21:50 INFO  time: initialize in 0.48s[0m
[0m2021.01.26 08:21:51 WARN  Build server is not auto-connectable.[0m
[0m2021.01.26 08:21:51 WARN  no build tool detected in workspace 'C:\Users\Syndrom\Documents\Dataframes Project'. The most common cause for this problem is that the editor was opened in the wrong working directory, for example if you use sbt then the workspace directory should contain build.sbt. [0m
